2023-07-13 16:57:31,486 - DEBUG - Parsing user's arguments... [func: treat_user_arguments in arguments.py]
2023-07-13 16:57:31,487 - DEBUG - Arguments parsed. Obtained values are: {'format': 'ttl', 'language': 'en', 'correct': False, 'silent': False, 'json_path': 'tests\\test_files\\test_048.json'}. [func: treat_user_arguments in arguments.py]
2023-07-13 16:57:31,487 - INFO - OntoUML JSON2Graph Decoder v2023.07.13 started on 13-07-2023 16:57:31! [func: ontouml_json2graph in main.py]
2023-07-13 16:57:31,487 - DEBUG - Selected arguments are: {'format': 'ttl', 'language': 'en', 'correct': False, 'silent': False, 'json_path': 'tests\\test_files\\test_048.json'} [func: ontouml_json2graph in main.py]
2023-07-13 16:57:31,488 - INFO - Decoding JSON file tests\test_files\test_048.json to TTL graph format.
 [func: ontouml_json2graph in main.py]
2023-07-13 16:57:31,488 - WARNING - Basic correction feature not enabled by the user. The transformation may generate an invalid result. [func: ontouml_json2graph in main.py]
2023-07-13 16:57:31,491 - DEBUG - JSON file tests\test_files\test_048.json successfully loaded to dictionary. [func: safe_load_json_file in input_output.py]
2023-07-13 16:57:31,559 - DEBUG - Ontology file resources/ontouml.ttl successfully loaded to working memory. [func: load_all_graph_safely in utils_graph.py]
2023-07-13 16:57:31,886 - WARNING - The class 'Endurant' of stereotype 'category' had its isExtensional attribute (originally '') removed as it is not of stereotype collective. [func: validate_class_constraints in decode_obj_class.py]
2023-07-13 16:57:31,886 - WARNING - The class 'Endurant' had its order attribute (originally 'null') set to 1 (default to classes with stereotype different than 'type'). [func: set_class_defaults in decode_obj_class.py]
2023-07-13 16:57:31,886 - WARNING - The class Endurant had its 'isPowertype' attribute (originally null) set to False (default). [func: set_class_defaults in decode_obj_class.py]
2023-07-13 16:57:31,886 - WARNING - The class 'Substantial' of stereotype 'category' had its isExtensional attribute (originally '') removed as it is not of stereotype collective. [func: validate_class_constraints in decode_obj_class.py]
2023-07-13 16:57:31,886 - WARNING - The class 'Substantial' had its order attribute (originally 'null') set to 1 (default to classes with stereotype different than 'type'). [func: set_class_defaults in decode_obj_class.py]
2023-07-13 16:57:31,886 - WARNING - The class Substantial had its 'isPowertype' attribute (originally null) set to False (default). [func: set_class_defaults in decode_obj_class.py]
2023-07-13 16:57:31,886 - WARNING - The class 'Trope' of stereotype 'category' had its isExtensional attribute (originally '') removed as it is not of stereotype collective. [func: validate_class_constraints in decode_obj_class.py]
2023-07-13 16:57:31,887 - WARNING - The class 'Trope' had its order attribute (originally 'null') set to 1 (default to classes with stereotype different than 'type'). [func: set_class_defaults in decode_obj_class.py]
2023-07-13 16:57:31,887 - WARNING - The class Trope had its 'isPowertype' attribute (originally null) set to False (default). [func: set_class_defaults in decode_obj_class.py]
2023-07-13 16:57:31,887 - WARNING - The class 'Quality' of stereotype 'category' had its isExtensional attribute (originally '') removed as it is not of stereotype collective. [func: validate_class_constraints in decode_obj_class.py]
2023-07-13 16:57:31,887 - WARNING - The class 'Quality' had its order attribute (originally 'null') set to 1 (default to classes with stereotype different than 'type'). [func: set_class_defaults in decode_obj_class.py]
2023-07-13 16:57:31,887 - WARNING - The class Quality had its 'isPowertype' attribute (originally null) set to False (default). [func: set_class_defaults in decode_obj_class.py]
2023-07-13 16:57:31,887 - WARNING - The class 'Mode' of stereotype 'category' had its isExtensional attribute (originally '') removed as it is not of stereotype collective. [func: validate_class_constraints in decode_obj_class.py]
2023-07-13 16:57:31,887 - WARNING - The class 'Mode' had its order attribute (originally 'null') set to 1 (default to classes with stereotype different than 'type'). [func: set_class_defaults in decode_obj_class.py]
2023-07-13 16:57:31,887 - WARNING - The class Mode had its 'isPowertype' attribute (originally null) set to False (default). [func: set_class_defaults in decode_obj_class.py]
2023-07-13 16:57:31,887 - WARNING - The class 'Relator' of stereotype 'category' had its isExtensional attribute (originally '') removed as it is not of stereotype collective. [func: validate_class_constraints in decode_obj_class.py]
2023-07-13 16:57:31,887 - WARNING - The class 'Relator' had its order attribute (originally 'null') set to 1 (default to classes with stereotype different than 'type'). [func: set_class_defaults in decode_obj_class.py]
2023-07-13 16:57:31,887 - WARNING - The class Relator had its 'isPowertype' attribute (originally null) set to False (default). [func: set_class_defaults in decode_obj_class.py]
2023-07-13 16:57:31,888 - WARNING - The class 'Object' of stereotype 'category' had its isExtensional attribute (originally '') removed as it is not of stereotype collective. [func: validate_class_constraints in decode_obj_class.py]
2023-07-13 16:57:31,888 - WARNING - The class 'Object' had its order attribute (originally 'null') set to 1 (default to classes with stereotype different than 'type'). [func: set_class_defaults in decode_obj_class.py]
2023-07-13 16:57:31,888 - WARNING - The class Object had its 'isPowertype' attribute (originally null) set to False (default). [func: set_class_defaults in decode_obj_class.py]
2023-07-13 16:57:31,888 - WARNING - The class 'Agent' of stereotype 'category' had its isExtensional attribute (originally '') removed as it is not of stereotype collective. [func: validate_class_constraints in decode_obj_class.py]
2023-07-13 16:57:31,888 - WARNING - The class 'Agent' had its order attribute (originally 'null') set to 1 (default to classes with stereotype different than 'type'). [func: set_class_defaults in decode_obj_class.py]
2023-07-13 16:57:31,888 - WARNING - The class Agent had its 'isPowertype' attribute (originally null) set to False (default). [func: set_class_defaults in decode_obj_class.py]
2023-07-13 16:57:31,888 - WARNING - The class 'Intention' of stereotype 'category' had its isExtensional attribute (originally '') removed as it is not of stereotype collective. [func: validate_class_constraints in decode_obj_class.py]
2023-07-13 16:57:31,888 - WARNING - The class 'Intention' had its order attribute (originally 'null') set to 1 (default to classes with stereotype different than 'type'). [func: set_class_defaults in decode_obj_class.py]
2023-07-13 16:57:31,888 - WARNING - The class Intention had its 'isPowertype' attribute (originally null) set to False (default). [func: set_class_defaults in decode_obj_class.py]
2023-07-13 16:57:31,889 - WARNING - The class 'Mental Aspect' of stereotype 'category' had its isExtensional attribute (originally '') removed as it is not of stereotype collective. [func: validate_class_constraints in decode_obj_class.py]
2023-07-13 16:57:31,889 - WARNING - The class 'Mental Aspect' had its order attribute (originally 'null') set to 1 (default to classes with stereotype different than 'type'). [func: set_class_defaults in decode_obj_class.py]
2023-07-13 16:57:31,889 - WARNING - The class Mental Aspect had its 'isPowertype' attribute (originally null) set to False (default). [func: set_class_defaults in decode_obj_class.py]
2023-07-13 16:57:31,889 - WARNING - The class 'Disposition' of stereotype 'category' had its isExtensional attribute (originally '') removed as it is not of stereotype collective. [func: validate_class_constraints in decode_obj_class.py]
2023-07-13 16:57:31,889 - WARNING - The class 'Disposition' had its order attribute (originally 'null') set to 1 (default to classes with stereotype different than 'type'). [func: set_class_defaults in decode_obj_class.py]
2023-07-13 16:57:31,889 - WARNING - The class Disposition had its 'isPowertype' attribute (originally null) set to False (default). [func: set_class_defaults in decode_obj_class.py]
2023-07-13 16:57:31,889 - WARNING - The class 'Event' had its order attribute (originally 'null') set to 1 (default to classes with stereotype different than 'type'). [func: set_class_defaults in decode_obj_class.py]
2023-07-13 16:57:31,889 - WARNING - The class Event had its 'isPowertype' attribute (originally null) set to False (default). [func: set_class_defaults in decode_obj_class.py]
2023-07-13 16:57:31,889 - WARNING - The class 'Action' had its order attribute (originally 'null') set to 1 (default to classes with stereotype different than 'type'). [func: set_class_defaults in decode_obj_class.py]
2023-07-13 16:57:31,889 - WARNING - The class Action had its 'isPowertype' attribute (originally null) set to False (default). [func: set_class_defaults in decode_obj_class.py]
2023-07-13 16:57:31,890 - WARNING - The class 'Situation' had its order attribute (originally 'null') set to 1 (default to classes with stereotype different than 'type'). [func: set_class_defaults in decode_obj_class.py]
2023-07-13 16:57:31,890 - WARNING - The class Situation had its 'isPowertype' attribute (originally null) set to False (default). [func: set_class_defaults in decode_obj_class.py]
2023-07-13 16:57:31,890 - WARNING - The class 'Vulnerability' of stereotype 'roleMixin' had its isExtensional attribute (originally '') removed as it is not of stereotype collective. [func: validate_class_constraints in decode_obj_class.py]
2023-07-13 16:57:31,890 - WARNING - The class 'Vulnerability' had its order attribute (originally 'null') set to 1 (default to classes with stereotype different than 'type'). [func: set_class_defaults in decode_obj_class.py]
2023-07-13 16:57:31,890 - WARNING - The class Vulnerability had its 'isPowertype' attribute (originally null) set to False (default). [func: set_class_defaults in decode_obj_class.py]
2023-07-13 16:57:31,890 - WARNING - The class 'Hazardous Situation' had its order attribute (originally 'null') set to 1 (default to classes with stereotype different than 'type'). [func: set_class_defaults in decode_obj_class.py]
2023-07-13 16:57:31,890 - WARNING - The class Hazardous Situation had its 'isPowertype' attribute (originally null) set to False (default). [func: set_class_defaults in decode_obj_class.py]
2023-07-13 16:57:31,890 - WARNING - The class 'Threat Event' had its order attribute (originally 'null') set to 1 (default to classes with stereotype different than 'type'). [func: set_class_defaults in decode_obj_class.py]
2023-07-13 16:57:31,890 - WARNING - The class Threat Event had its 'isPowertype' attribute (originally null) set to False (default). [func: set_class_defaults in decode_obj_class.py]
2023-07-13 16:57:31,891 - WARNING - The class 'Loss Event' had its order attribute (originally 'null') set to 1 (default to classes with stereotype different than 'type'). [func: set_class_defaults in decode_obj_class.py]
2023-07-13 16:57:31,891 - WARNING - The class Loss Event had its 'isPowertype' attribute (originally null) set to False (default). [func: set_class_defaults in decode_obj_class.py]
2023-07-13 16:57:31,891 - WARNING - The class 'Loss Situation' had its order attribute (originally 'null') set to 1 (default to classes with stereotype different than 'type'). [func: set_class_defaults in decode_obj_class.py]
2023-07-13 16:57:31,891 - WARNING - The class Loss Situation had its 'isPowertype' attribute (originally null) set to False (default). [func: set_class_defaults in decode_obj_class.py]
2023-07-13 16:57:31,891 - WARNING - The class 'Risk Subject' of stereotype 'roleMixin' had its isExtensional attribute (originally '') removed as it is not of stereotype collective. [func: validate_class_constraints in decode_obj_class.py]
2023-07-13 16:57:31,891 - WARNING - The class 'Risk Subject' had its order attribute (originally 'null') set to 1 (default to classes with stereotype different than 'type'). [func: set_class_defaults in decode_obj_class.py]
2023-07-13 16:57:31,891 - WARNING - The class Risk Subject had its 'isPowertype' attribute (originally null) set to False (default). [func: set_class_defaults in decode_obj_class.py]
2023-07-13 16:57:31,891 - WARNING - The class 'Threat Object' of stereotype 'roleMixin' had its isExtensional attribute (originally '') removed as it is not of stereotype collective. [func: validate_class_constraints in decode_obj_class.py]
2023-07-13 16:57:31,891 - WARNING - The class 'Threat Object' had its order attribute (originally 'null') set to 1 (default to classes with stereotype different than 'type'). [func: set_class_defaults in decode_obj_class.py]
2023-07-13 16:57:31,891 - WARNING - The class Threat Object had its 'isPowertype' attribute (originally null) set to False (default). [func: set_class_defaults in decode_obj_class.py]
2023-07-13 16:57:31,891 - WARNING - The class 'Risk Experience' had its order attribute (originally 'null') set to 1 (default to classes with stereotype different than 'type'). [func: set_class_defaults in decode_obj_class.py]
2023-07-13 16:57:31,892 - WARNING - The class Risk Experience had its 'isPowertype' attribute (originally null) set to False (default). [func: set_class_defaults in decode_obj_class.py]
2023-07-13 16:57:31,892 - WARNING - The class 'Risk Event' had its order attribute (originally 'null') set to 1 (default to classes with stereotype different than 'type'). [func: set_class_defaults in decode_obj_class.py]
2023-07-13 16:57:31,892 - WARNING - The class Risk Event had its 'isPowertype' attribute (originally null) set to False (default). [func: set_class_defaults in decode_obj_class.py]
2023-07-13 16:57:31,892 - WARNING - The class 'Risk Enabler' of stereotype 'roleMixin' had its isExtensional attribute (originally '') removed as it is not of stereotype collective. [func: validate_class_constraints in decode_obj_class.py]
2023-07-13 16:57:31,892 - WARNING - The class 'Risk Enabler' had its order attribute (originally 'null') set to 1 (default to classes with stereotype different than 'type'). [func: set_class_defaults in decode_obj_class.py]
2023-07-13 16:57:31,892 - WARNING - The class Risk Enabler had its 'isPowertype' attribute (originally null) set to False (default). [func: set_class_defaults in decode_obj_class.py]
2023-07-13 16:57:31,892 - WARNING - The class 'Object at Risk' of stereotype 'roleMixin' had its isExtensional attribute (originally '') removed as it is not of stereotype collective. [func: validate_class_constraints in decode_obj_class.py]
2023-07-13 16:57:31,892 - WARNING - The class 'Object at Risk' had its order attribute (originally 'null') set to 1 (default to classes with stereotype different than 'type'). [func: set_class_defaults in decode_obj_class.py]
2023-07-13 16:57:31,892 - WARNING - The class Object at Risk had its 'isPowertype' attribute (originally null) set to False (default). [func: set_class_defaults in decode_obj_class.py]
2023-07-13 16:57:31,893 - WARNING - The class 'Threat Capability' of stereotype 'roleMixin' had its isExtensional attribute (originally '') removed as it is not of stereotype collective. [func: validate_class_constraints in decode_obj_class.py]
2023-07-13 16:57:31,893 - WARNING - The class 'Threat Capability' had its order attribute (originally 'null') set to 1 (default to classes with stereotype different than 'type'). [func: set_class_defaults in decode_obj_class.py]
2023-07-13 16:57:31,893 - WARNING - The class Threat Capability had its 'isPowertype' attribute (originally null) set to False (default). [func: set_class_defaults in decode_obj_class.py]
2023-07-13 16:57:31,893 - WARNING - The class 'Value Object' of stereotype 'roleMixin' had its isExtensional attribute (originally '') removed as it is not of stereotype collective. [func: validate_class_constraints in decode_obj_class.py]
2023-07-13 16:57:31,893 - WARNING - The class 'Value Object' had its order attribute (originally 'null') set to 1 (default to classes with stereotype different than 'type'). [func: set_class_defaults in decode_obj_class.py]
2023-07-13 16:57:31,893 - WARNING - The class Value Object had its 'isPowertype' attribute (originally null) set to False (default). [func: set_class_defaults in decode_obj_class.py]
2023-07-13 16:57:31,893 - WARNING - The class 'Value Enabler' of stereotype 'roleMixin' had its isExtensional attribute (originally '') removed as it is not of stereotype collective. [func: validate_class_constraints in decode_obj_class.py]
2023-07-13 16:57:31,893 - WARNING - The class 'Value Enabler' had its order attribute (originally 'null') set to 1 (default to classes with stereotype different than 'type'). [func: set_class_defaults in decode_obj_class.py]
2023-07-13 16:57:31,893 - WARNING - The class Value Enabler had its 'isPowertype' attribute (originally null) set to False (default). [func: set_class_defaults in decode_obj_class.py]
2023-07-13 16:57:31,893 - WARNING - The class 'Threat Agent' of stereotype 'roleMixin' had its isExtensional attribute (originally '') removed as it is not of stereotype collective. [func: validate_class_constraints in decode_obj_class.py]
2023-07-13 16:57:31,893 - WARNING - The class 'Threat Agent' had its order attribute (originally 'null') set to 1 (default to classes with stereotype different than 'type'). [func: set_class_defaults in decode_obj_class.py]
2023-07-13 16:57:31,893 - WARNING - The class Threat Agent had its 'isPowertype' attribute (originally null) set to False (default). [func: set_class_defaults in decode_obj_class.py]
2023-07-13 16:57:31,893 - WARNING - The class 'Value Assessor' of stereotype 'roleMixin' had its isExtensional attribute (originally '') removed as it is not of stereotype collective. [func: validate_class_constraints in decode_obj_class.py]
2023-07-13 16:57:31,894 - WARNING - The class 'Value Assessor' had its order attribute (originally 'null') set to 1 (default to classes with stereotype different than 'type'). [func: set_class_defaults in decode_obj_class.py]
2023-07-13 16:57:31,894 - WARNING - The class Value Assessor had its 'isPowertype' attribute (originally null) set to False (default). [func: set_class_defaults in decode_obj_class.py]
2023-07-13 16:57:31,894 - WARNING - The class 'Value Subject' of stereotype 'roleMixin' had its isExtensional attribute (originally '') removed as it is not of stereotype collective. [func: validate_class_constraints in decode_obj_class.py]
2023-07-13 16:57:31,894 - WARNING - The class 'Value Subject' had its order attribute (originally 'null') set to 1 (default to classes with stereotype different than 'type'). [func: set_class_defaults in decode_obj_class.py]
2023-07-13 16:57:31,894 - WARNING - The class Value Subject had its 'isPowertype' attribute (originally null) set to False (default). [func: set_class_defaults in decode_obj_class.py]
2023-07-13 16:57:31,894 - WARNING - The class 'Risk Assessor' of stereotype 'roleMixin' had its isExtensional attribute (originally '') removed as it is not of stereotype collective. [func: validate_class_constraints in decode_obj_class.py]
2023-07-13 16:57:31,894 - WARNING - The class 'Risk Assessor' had its order attribute (originally 'null') set to 1 (default to classes with stereotype different than 'type'). [func: set_class_defaults in decode_obj_class.py]
2023-07-13 16:57:31,894 - WARNING - The class Risk Assessor had its 'isPowertype' attribute (originally null) set to False (default). [func: set_class_defaults in decode_obj_class.py]
2023-07-13 16:57:31,894 - WARNING - The class 'Value Experience' had its order attribute (originally 'null') set to 1 (default to classes with stereotype different than 'type'). [func: set_class_defaults in decode_obj_class.py]
2023-07-13 16:57:31,894 - WARNING - The class Value Experience had its 'isPowertype' attribute (originally null) set to False (default). [func: set_class_defaults in decode_obj_class.py]
2023-07-13 16:57:31,894 - WARNING - The class 'Value Event' had its order attribute (originally 'null') set to 1 (default to classes with stereotype different than 'type'). [func: set_class_defaults in decode_obj_class.py]
2023-07-13 16:57:31,895 - WARNING - The class Value Event had its 'isPowertype' attribute (originally null) set to False (default). [func: set_class_defaults in decode_obj_class.py]
2023-07-13 16:57:31,895 - WARNING - The class 'Valuation' had its order attribute (originally 'null') set to 1 (default to classes with stereotype different than 'type'). [func: set_class_defaults in decode_obj_class.py]
2023-07-13 16:57:31,895 - WARNING - The class Valuation had its 'isPowertype' attribute (originally null) set to False (default). [func: set_class_defaults in decode_obj_class.py]
2023-07-13 16:57:31,895 - WARNING - The class 'Impact Event' had its order attribute (originally 'null') set to 1 (default to classes with stereotype different than 'type'). [func: set_class_defaults in decode_obj_class.py]
2023-07-13 16:57:31,895 - WARNING - The class Impact Event had its 'isPowertype' attribute (originally null) set to False (default). [func: set_class_defaults in decode_obj_class.py]
2023-07-13 16:57:31,895 - WARNING - The class 'Trigger Event' had its order attribute (originally 'null') set to 1 (default to classes with stereotype different than 'type'). [func: set_class_defaults in decode_obj_class.py]
2023-07-13 16:57:31,895 - WARNING - The class Trigger Event had its 'isPowertype' attribute (originally null) set to False (default). [func: set_class_defaults in decode_obj_class.py]
2023-07-13 16:57:31,895 - WARNING - The class 'Gain Event' had its order attribute (originally 'null') set to 1 (default to classes with stereotype different than 'type'). [func: set_class_defaults in decode_obj_class.py]
2023-07-13 16:57:31,895 - WARNING - The class Gain Event had its 'isPowertype' attribute (originally null) set to False (default). [func: set_class_defaults in decode_obj_class.py]
2023-07-13 16:57:31,896 - WARNING - The class 'Opportunity Event' had its order attribute (originally 'null') set to 1 (default to classes with stereotype different than 'type'). [func: set_class_defaults in decode_obj_class.py]
2023-07-13 16:57:31,896 - WARNING - The class Opportunity Event had its 'isPowertype' attribute (originally null) set to False (default). [func: set_class_defaults in decode_obj_class.py]
2023-07-13 16:57:31,896 - WARNING - The class 'Root Cause Event' had its order attribute (originally 'null') set to 1 (default to classes with stereotype different than 'type'). [func: set_class_defaults in decode_obj_class.py]
2023-07-13 16:57:31,896 - WARNING - The class Root Cause Event had its 'isPowertype' attribute (originally null) set to False (default). [func: set_class_defaults in decode_obj_class.py]
2023-07-13 16:57:31,896 - WARNING - The class 'Attack' had its order attribute (originally 'null') set to 1 (default to classes with stereotype different than 'type'). [func: set_class_defaults in decode_obj_class.py]
2023-07-13 16:57:31,896 - WARNING - The class Attack had its 'isPowertype' attribute (originally null) set to False (default). [func: set_class_defaults in decode_obj_class.py]
2023-07-13 16:57:31,896 - WARNING - The class 'Likelihood' of stereotype 'category' had its isExtensional attribute (originally '') removed as it is not of stereotype collective. [func: validate_class_constraints in decode_obj_class.py]
2023-07-13 16:57:31,896 - WARNING - The class 'Likelihood' had its order attribute (originally 'null') set to 1 (default to classes with stereotype different than 'type'). [func: set_class_defaults in decode_obj_class.py]
2023-07-13 16:57:31,896 - WARNING - The class Likelihood had its 'isPowertype' attribute (originally null) set to False (default). [func: set_class_defaults in decode_obj_class.py]
2023-07-13 16:57:31,896 - WARNING - The class 'Value' had its order attribute (originally 'null') set to 1 (default to classes with stereotype different than 'type'). [func: set_class_defaults in decode_obj_class.py]
2023-07-13 16:57:31,896 - WARNING - The class Value had its 'isPowertype' attribute (originally null) set to False (default). [func: set_class_defaults in decode_obj_class.py]
2023-07-13 16:57:31,896 - WARNING - The class 'Risk' of stereotype 'subkind' had its isExtensional attribute (originally '') removed as it is not of stereotype collective. [func: validate_class_constraints in decode_obj_class.py]
2023-07-13 16:57:31,897 - WARNING - The class 'Risk' had its order attribute (originally 'null') set to 1 (default to classes with stereotype different than 'type'). [func: set_class_defaults in decode_obj_class.py]
2023-07-13 16:57:31,897 - WARNING - The class Risk had its 'isPowertype' attribute (originally null) set to False (default). [func: set_class_defaults in decode_obj_class.py]
2023-07-13 16:57:31,897 - WARNING - The class 'Triggering Likelihood' had its order attribute (originally 'null') set to 1 (default to classes with stereotype different than 'type'). [func: set_class_defaults in decode_obj_class.py]
2023-07-13 16:57:31,897 - WARNING - The class Triggering Likelihood had its 'isPowertype' attribute (originally null) set to False (default). [func: set_class_defaults in decode_obj_class.py]
2023-07-13 16:57:31,898 - WARNING - The class 'Causal Likelihood' had its order attribute (originally 'null') set to 1 (default to classes with stereotype different than 'type'). [func: set_class_defaults in decode_obj_class.py]
2023-07-13 16:57:31,898 - WARNING - The class Causal Likelihood had its 'isPowertype' attribute (originally null) set to False (default). [func: set_class_defaults in decode_obj_class.py]
2023-07-13 16:57:31,898 - WARNING - The class 'Capability' of stereotype 'roleMixin' had its isExtensional attribute (originally '') removed as it is not of stereotype collective. [func: validate_class_constraints in decode_obj_class.py]
2023-07-13 16:57:31,898 - WARNING - The class 'Capability' had its order attribute (originally 'null') set to 1 (default to classes with stereotype different than 'type'). [func: set_class_defaults in decode_obj_class.py]
2023-07-13 16:57:31,898 - WARNING - The class Capability had its 'isPowertype' attribute (originally null) set to False (default). [func: set_class_defaults in decode_obj_class.py]
2023-07-13 16:57:31,898 - WARNING - The class 'Value Ascription' had its order attribute (originally 'null') set to 1 (default to classes with stereotype different than 'type'). [func: set_class_defaults in decode_obj_class.py]
2023-07-13 16:57:31,898 - WARNING - The class Value Ascription had its 'isPowertype' attribute (originally null) set to False (default). [func: set_class_defaults in decode_obj_class.py]
2023-07-13 16:57:31,898 - WARNING - The class 'Value Asc. Component' had its order attribute (originally 'null') set to 1 (default to classes with stereotype different than 'type'). [func: set_class_defaults in decode_obj_class.py]
2023-07-13 16:57:31,898 - WARNING - The class Value Asc. Component had its 'isPowertype' attribute (originally null) set to False (default). [func: set_class_defaults in decode_obj_class.py]
2023-07-13 16:57:31,898 - WARNING - The class 'Value Asc. Ex Ante' of stereotype 'subkind' had its isExtensional attribute (originally '') removed as it is not of stereotype collective. [func: validate_class_constraints in decode_obj_class.py]
2023-07-13 16:57:31,899 - WARNING - The class 'Value Asc. Ex Ante' had its order attribute (originally 'null') set to 1 (default to classes with stereotype different than 'type'). [func: set_class_defaults in decode_obj_class.py]
2023-07-13 16:57:31,899 - WARNING - The class Value Asc. Ex Ante had its 'isPowertype' attribute (originally null) set to False (default). [func: set_class_defaults in decode_obj_class.py]
2023-07-13 16:57:31,899 - WARNING - The class 'Value Asc. Ex Post' of stereotype 'subkind' had its isExtensional attribute (originally '') removed as it is not of stereotype collective. [func: validate_class_constraints in decode_obj_class.py]
2023-07-13 16:57:31,899 - WARNING - The class 'Value Asc. Ex Post' had its order attribute (originally 'null') set to 1 (default to classes with stereotype different than 'type'). [func: set_class_defaults in decode_obj_class.py]
2023-07-13 16:57:31,899 - WARNING - The class Value Asc. Ex Post had its 'isPowertype' attribute (originally null) set to False (default). [func: set_class_defaults in decode_obj_class.py]
2023-07-13 16:57:31,899 - WARNING - The class 'Object Value Asc.' of stereotype 'subkind' had its isExtensional attribute (originally '') removed as it is not of stereotype collective. [func: validate_class_constraints in decode_obj_class.py]
2023-07-13 16:57:31,899 - WARNING - The class 'Object Value Asc.' had its order attribute (originally 'null') set to 1 (default to classes with stereotype different than 'type'). [func: set_class_defaults in decode_obj_class.py]
2023-07-13 16:57:31,899 - WARNING - The class Object Value Asc. had its 'isPowertype' attribute (originally null) set to False (default). [func: set_class_defaults in decode_obj_class.py]
2023-07-13 16:57:31,899 - WARNING - The class 'Experience Value Asc.' of stereotype 'subkind' had its isExtensional attribute (originally '') removed as it is not of stereotype collective. [func: validate_class_constraints in decode_obj_class.py]
2023-07-13 16:57:31,900 - WARNING - The class 'Experience Value Asc.' had its order attribute (originally 'null') set to 1 (default to classes with stereotype different than 'type'). [func: set_class_defaults in decode_obj_class.py]
2023-07-13 16:57:31,900 - WARNING - The class Experience Value Asc. had its 'isPowertype' attribute (originally null) set to False (default). [func: set_class_defaults in decode_obj_class.py]
2023-07-13 16:57:31,900 - WARNING - The class 'Value Perception' of stereotype 'subkind' had its isExtensional attribute (originally '') removed as it is not of stereotype collective. [func: validate_class_constraints in decode_obj_class.py]
2023-07-13 16:57:31,900 - WARNING - The class 'Value Perception' had its order attribute (originally 'null') set to 1 (default to classes with stereotype different than 'type'). [func: set_class_defaults in decode_obj_class.py]
2023-07-13 16:57:31,900 - WARNING - The class Value Perception had its 'isPowertype' attribute (originally null) set to False (default). [func: set_class_defaults in decode_obj_class.py]
2023-07-13 16:57:31,900 - WARNING - The class 'Value Assertion' of stereotype 'subkind' had its isExtensional attribute (originally '') removed as it is not of stereotype collective. [func: validate_class_constraints in decode_obj_class.py]
2023-07-13 16:57:31,900 - WARNING - The class 'Value Assertion' had its order attribute (originally 'null') set to 1 (default to classes with stereotype different than 'type'). [func: set_class_defaults in decode_obj_class.py]
2023-07-13 16:57:31,900 - WARNING - The class Value Assertion had its 'isPowertype' attribute (originally null) set to False (default). [func: set_class_defaults in decode_obj_class.py]
2023-07-13 16:57:31,900 - WARNING - The class 'Gain Ascription' of stereotype 'subkind' had its isExtensional attribute (originally '') removed as it is not of stereotype collective. [func: validate_class_constraints in decode_obj_class.py]
2023-07-13 16:57:31,900 - WARNING - The class 'Gain Ascription' had its order attribute (originally 'null') set to 1 (default to classes with stereotype different than 'type'). [func: set_class_defaults in decode_obj_class.py]
2023-07-13 16:57:31,900 - WARNING - The class Gain Ascription had its 'isPowertype' attribute (originally null) set to False (default). [func: set_class_defaults in decode_obj_class.py]
2023-07-13 16:57:31,901 - WARNING - The class 'Loss Ascription' of stereotype 'subkind' had its isExtensional attribute (originally '') removed as it is not of stereotype collective. [func: validate_class_constraints in decode_obj_class.py]
2023-07-13 16:57:31,901 - WARNING - The class 'Loss Ascription' had its order attribute (originally 'null') set to 1 (default to classes with stereotype different than 'type'). [func: set_class_defaults in decode_obj_class.py]
2023-07-13 16:57:31,901 - WARNING - The class Loss Ascription had its 'isPowertype' attribute (originally null) set to False (default). [func: set_class_defaults in decode_obj_class.py]
2023-07-13 16:57:31,901 - WARNING - The class 'Risk Assessment' of stereotype 'subkind' had its isExtensional attribute (originally '') removed as it is not of stereotype collective. [func: validate_class_constraints in decode_obj_class.py]
2023-07-13 16:57:31,901 - WARNING - The class 'Risk Assessment' had its order attribute (originally 'null') set to 1 (default to classes with stereotype different than 'type'). [func: set_class_defaults in decode_obj_class.py]
2023-07-13 16:57:31,901 - WARNING - The class Risk Assessment had its 'isPowertype' attribute (originally null) set to False (default). [func: set_class_defaults in decode_obj_class.py]
2023-07-13 16:57:31,901 - WARNING - The class 'Object Risk Assess.' of stereotype 'subkind' had its isExtensional attribute (originally '') removed as it is not of stereotype collective. [func: validate_class_constraints in decode_obj_class.py]
2023-07-13 16:57:31,901 - WARNING - The class 'Object Risk Assess.' had its order attribute (originally 'null') set to 1 (default to classes with stereotype different than 'type'). [func: set_class_defaults in decode_obj_class.py]
2023-07-13 16:57:31,901 - WARNING - The class Object Risk Assess. had its 'isPowertype' attribute (originally null) set to False (default). [func: set_class_defaults in decode_obj_class.py]
2023-07-13 16:57:31,902 - WARNING - The class 'Experience Risk Assessment' of stereotype 'subkind' had its isExtensional attribute (originally '') removed as it is not of stereotype collective. [func: validate_class_constraints in decode_obj_class.py]
2023-07-13 16:57:31,902 - WARNING - The class 'Experience Risk Assessment' had its order attribute (originally 'null') set to 1 (default to classes with stereotype different than 'type'). [func: set_class_defaults in decode_obj_class.py]
2023-07-13 16:57:31,902 - WARNING - The class Experience Risk Assessment had its 'isPowertype' attribute (originally null) set to False (default). [func: set_class_defaults in decode_obj_class.py]
2023-07-13 16:57:31,902 - WARNING - The class 'Impactful Outcome' had its order attribute (originally 'null') set to 1 (default to classes with stereotype different than 'type'). [func: set_class_defaults in decode_obj_class.py]
2023-07-13 16:57:31,902 - WARNING - The class Impactful Outcome had its 'isPowertype' attribute (originally null) set to False (default). [func: set_class_defaults in decode_obj_class.py]
2023-07-13 16:57:31,975 - WARNING - Mandatory stereotype not defined for Relation with ID kS_dJt6GAqACCiaC. [func: set_object_stereotype in decode_general.py]
2023-07-13 16:57:31,976 - WARNING - Mandatory stereotype not defined for Relation with ID T3A9Jt6GAqACCiaM. [func: set_object_stereotype in decode_general.py]
2023-07-13 16:57:31,976 - WARNING - Mandatory stereotype not defined for Relation with ID jdVYVt6GAqACCiMv. [func: set_object_stereotype in decode_general.py]
2023-07-13 16:57:31,976 - WARNING - Mandatory stereotype not defined for Relation with ID vOv6Vt6GAqACCiqa. [func: set_object_stereotype in decode_general.py]
2023-07-13 16:57:31,976 - WARNING - Mandatory stereotype not defined for Relation with ID ePX6Vt6GAqACCiqO. [func: set_object_stereotype in decode_general.py]
2023-07-13 16:57:31,977 - WARNING - Mandatory stereotype not defined for Relation with ID mKHApt6GAqACCihb. [func: set_object_stereotype in decode_general.py]
2023-07-13 16:57:31,978 - WARNING - Mandatory stereotype not defined for Relation with ID aKtoVt6GAqACCiIk. [func: set_object_stereotype in decode_general.py]
2023-07-13 16:57:31,978 - WARNING - Mandatory stereotype not defined for Relation with ID wsxYVt6GAqACCiMD. [func: set_object_stereotype in decode_general.py]
2023-07-13 16:57:31,978 - WARNING - Mandatory stereotype not defined for Relation with ID 3k5YVt6GAqACCiMR. [func: set_object_stereotype in decode_general.py]
2023-07-13 16:57:31,979 - WARNING - Mandatory stereotype not defined for Relation with ID 9Vm6Vt6GAqACCinO. [func: set_object_stereotype in decode_general.py]
2023-07-13 16:57:31,979 - WARNING - Mandatory stereotype not defined for Relation with ID XEc2Vt6GAqACCi5s. [func: set_object_stereotype in decode_general.py]
2023-07-13 16:57:31,980 - WARNING - Mandatory stereotype not defined for Relation with ID jCCuVt6GAqACCjDH. [func: set_object_stereotype in decode_general.py]
2023-07-13 16:57:31,980 - WARNING - Mandatory stereotype not defined for Relation with ID wXSuVt6GAqACCjDb. [func: set_object_stereotype in decode_general.py]
2023-07-13 16:57:31,980 - INFO - Decoding concluded on 13-07-2023 16:57:31. Total execution time: 0.492 seconds. [func: ontouml_json2graph in main.py]
2023-07-13 16:57:32,262 - INFO - Output graph file successfully saved at C:\Users\Pedro Paulo\Dev\Work\ontouml-json2graph\results\test_048.ttl. [func: ontouml_json2graph in main.py]
